C:\USERS\JPRADEEP\DOCUMENTS\VISUAL STUDIO 2010\PROJECTS\I.FM\DEBUG\I.FM.CHM
C:\USERS\JPRADEEP\DOCUMENTS\VISUAL STUDIO 2010\PROJECTS\I.FM\DEBUG\I.FM.EXE
C:\USERS\JPRADEEP\DOCUMENTS\VISUAL STUDIO 2010\PROJECTS\I.FM\DEBUG\I.FM.ILK
C:\USERS\JPRADEEP\DOCUMENTS\VISUAL STUDIO 2010\PROJECTS\I.FM\DEBUG\I.FM.PDB
C:\USERS\JPRADEEP\DOCUMENTS\VISUAL STUDIO 2010\PROJECTS\I.FM\I.FM\DEBUG\BILLING.OBJ
C:\USERS\JPRADEEP\DOCUMENTS\VISUAL STUDIO 2010\PROJECTS\I.FM\I.FM\DEBUG\CFIREMANAGERDLG.OBJ
C:\USERS\JPRADEEP\DOCUMENTS\VISUAL STUDIO 2010\PROJECTS\I.FM\I.FM\DEBUG\FIREMANAGERDLG.OBJ
C:\USERS\JPRADEEP\DOCUMENTS\VISUAL STUDIO 2010\PROJECTS\I.FM\I.FM\DEBUG\I.FM.EXE.EMBED.MANIFEST
C:\USERS\JPRADEEP\DOCUMENTS\VISUAL STUDIO 2010\PROJECTS\I.FM\I.FM\DEBUG\I.FM.EXE.EMBED.MANIFEST.RES
C:\USERS\JPRADEEP\DOCUMENTS\VISUAL STUDIO 2010\PROJECTS\I.FM\I.FM\DEBUG\I.FM.EXE.INTERMEDIATE.MANIFEST
C:\USERS\JPRADEEP\DOCUMENTS\VISUAL STUDIO 2010\PROJECTS\I.FM\I.FM\DEBUG\I.FM.OBJ
C:\USERS\JPRADEEP\DOCUMENTS\VISUAL STUDIO 2010\PROJECTS\I.FM\I.FM\DEBUG\I.FM.PCH
C:\USERS\JPRADEEP\DOCUMENTS\VISUAL STUDIO 2010\PROJECTS\I.FM\I.FM\DEBUG\I.FM.RES
C:\USERS\JPRADEEP\DOCUMENTS\VISUAL STUDIO 2010\PROJECTS\I.FM\I.FM\DEBUG\I.FMDLG.OBJ
C:\USERS\JPRADEEP\DOCUMENTS\VISUAL STUDIO 2010\PROJECTS\I.FM\I.FM\DEBUG\STDAFX.OBJ
C:\USERS\JPRADEEP\DOCUMENTS\VISUAL STUDIO 2010\PROJECTS\I.FM\I.FM\DEBUG\STOCKINVENTORY.OBJ
C:\USERS\JPRADEEP\DOCUMENTS\VISUAL STUDIO 2010\PROJECTS\I.FM\I.FM\DEBUG\VC100.PDB
C:\USERS\JPRADEEP\DOCUMENTS\VISUAL STUDIO 2010\PROJECTS\I.FM\I.FM\HLP\HTMLDEFINES.H
F:\I.FM\DEBUG\I.FM.CHM
F:\I.FM\DEBUG\I.FM.EXE
F:\I.FM\DEBUG\I.FM.ILK
F:\I.FM\DEBUG\I.FM.PDB
F:\I.FM\I.FM\DEBUG\BILLING.OBJ
F:\i.FM\i.FM\Debug\CFireManagerDlg.obj
F:\i.FM\i.FM\Debug\cl.command.1.tlog
F:\i.FM\i.FM\Debug\CL.read.1.tlog
F:\i.FM\i.FM\Debug\CL.write.1.tlog
F:\i.FM\i.FM\Debug\custombuild.command.1.tlog
F:\i.FM\i.FM\Debug\custombuild.read.1.tlog
F:\i.FM\i.FM\Debug\custombuild.write.1.tlog
F:\I.FM\I.FM\DEBUG\FIREMANAGERDLG.OBJ
F:\i.FM\i.FM\Debug\i.FM.exe.embed.manifest
F:\I.FM\I.FM\DEBUG\I.FM.EXE.EMBED.MANIFEST.RES
F:\I.FM\I.FM\DEBUG\I.FM.EXE.INTERMEDIATE.MANIFEST
F:\I.FM\I.FM\DEBUG\I.FM.OBJ
F:\I.FM\I.FM\DEBUG\I.FM.PCH
F:\I.FM\I.FM\DEBUG\I.FM.RES
F:\i.FM\i.FM\Debug\i.FM.vcxprojResolveAssemblyReference.cache
F:\i.FM\i.FM\Debug\i.FM.write.1.tlog
F:\i.FM\i.FM\Debug\i.FM_manifest.rc
F:\I.FM\I.FM\DEBUG\I.FMDLG.OBJ
F:\i.FM\i.FM\Debug\link.1852.read.1.tlog
F:\i.FM\i.FM\Debug\link.1852.write.1.tlog
F:\i.FM\i.FM\Debug\link.1852-cvtres.read.1.tlog
F:\i.FM\i.FM\Debug\link.1852-cvtres.write.1.tlog
F:\i.FM\i.FM\Debug\link.18972.read.1.tlog
F:\i.FM\i.FM\Debug\link.18972.write.1.tlog
F:\i.FM\i.FM\Debug\link.18972-cvtres.read.1.tlog
F:\i.FM\i.FM\Debug\link.18972-cvtres.write.1.tlog
F:\i.FM\i.FM\Debug\link.3484.read.1.tlog
F:\i.FM\i.FM\Debug\link.3484.write.1.tlog
F:\i.FM\i.FM\Debug\link.3484-cvtres.read.1.tlog
F:\i.FM\i.FM\Debug\link.3484-cvtres.write.1.tlog
F:\i.FM\i.FM\Debug\link.4004.read.1.tlog
F:\i.FM\i.FM\Debug\link.4004.write.1.tlog
F:\i.FM\i.FM\Debug\link.4004-cvtres.read.1.tlog
F:\i.FM\i.FM\Debug\link.4004-cvtres.write.1.tlog
F:\i.FM\i.FM\Debug\link.command.1.tlog
F:\i.FM\i.FM\Debug\link.read.1.tlog
F:\i.FM\i.FM\Debug\link.write.1.tlog
F:\i.FM\i.FM\Debug\link-cvtres.read.1.tlog
F:\i.FM\i.FM\Debug\link-cvtres.write.1.tlog
F:\I.FM\I.FM\DEBUG\LISTCTRLEX.OBJ
F:\I.FM\I.FM\DEBUG\MSGHOOK.OBJ
F:\i.FM\i.FM\Debug\mt.command.1.tlog
F:\i.FM\i.FM\Debug\mt.read.1.tlog
F:\i.FM\i.FM\Debug\mt.write.1.tlog
F:\i.FM\i.FM\Debug\rc.command.1.tlog
F:\i.FM\i.FM\Debug\rc.read.1.tlog
F:\i.FM\i.FM\Debug\rc.write.1.tlog
F:\I.FM\I.FM\DEBUG\REPORTCTRL.OBJ
F:\I.FM\I.FM\DEBUG\STDAFX.OBJ
F:\I.FM\I.FM\DEBUG\STOCKINVENTORY.OBJ
F:\i.FM\i.FM\Debug\vc100.idb
F:\I.FM\I.FM\DEBUG\VC100.PDB
F:\I.FM\I.FM\HLP\HTMLDEFINES.H
